[15.04.2026 21:39:01,80] RenLern Service starting 
Der Befehl "python.exe" ist entweder falsch geschrieben oder
konnte nicht gefunden werden.
[15.04.2026 21:39:01,83] RenLern Service stopped 
[15.04.2026 21:39:43,31] RenLern Service starting 
No installed Python found!
[15.04.2026 21:39:43,35] RenLern Service stopped 
[15.04.2026 21:40:34,70] RenLern Service starting 
Traceback (most recent call last):
  File "c:\Users\Administrator\Desktop\Repo clone\lernapp-apk\server_v2.py", line 910, in <module>
        print(f'''
        ~~~~~^^^^^
    \u2554\u2550\u2550\u2550\u2550\u2550\u2550\u2550\u2550\u2550\u2550\u2550\u2550\u2550\u2550\u2550\u2550\u2550\u2550\u2550\u2550\u2550\u2550\u2550\u2550\u2550\u2550\u2550\u2550\u2550\u2550\u2550\u2550\u2550\u2550\u2550\u2550\u2550\u2550\u2550\u2550\u2550\u2550\u2550\u2550\u2550\u2550\u2550\u2550\u2550\u2550\u2550\u2550\u2550\u2550\u2550\u2550\u2550\u2550\u2550\u2550\u2550\u2550\u2557
    ^^^^^^^^^^^^^^^^^^^^^^^^^^^^^^^^^^^^^^^^^^^^^^^^^^^^^^^^^^^^^^^^
    ...<17 lines>...
    \U0001f6d1 Beenden: Ctrl+C
    ^^^^^^^^^^^^^^^^^^
    ''')
    ^^^^
  File "C:\Users\Administrator\AppData\Local\Programs\Python\Python313\Lib\encodings\cp1252.py", line 19, in encode
    return codecs.charmap_encode(input,self.errors,encoding_table)[0]
           ~~~~~~~~~~~~~~~~~~~~~^^^^^^^^^^^^^^^^^^^^^^^^^^^^^^^^^^
UnicodeEncodeError: 'charmap' codec can't encode characters in position 2-65: character maps to <undefined>
[15.04.2026 21:40:35,50] RenLern Service stopped 
[15.04.2026 21:41:51,68] RenLern Service starting 
Traceback (most recent call last):
  File "c:\Users\Administrator\Desktop\Repo clone\lernapp-apk\server_v2.py", line 910, in <module>
        print(f'''
        ~~~~~^^^^^
    \u2554\u2550\u2550\u2550\u2550\u2550\u2550\u2550\u2550\u2550\u2550\u2550\u2550\u2550\u2550\u2550\u2550\u2550\u2550\u2550\u2550\u2550\u2550\u2550\u2550\u2550\u2550\u2550\u2550\u2550\u2550\u2550\u2550\u2550\u2550\u2550\u2550\u2550\u2550\u2550\u2550\u2550\u2550\u2550\u2550\u2550\u2550\u2550\u2550\u2550\u2550\u2550\u2550\u2550\u2550\u2550\u2550\u2550\u2550\u2550\u2550\u2550\u2550\u2557
    ^^^^^^^^^^^^^^^^^^^^^^^^^^^^^^^^^^^^^^^^^^^^^^^^^^^^^^^^^^^^^^^^
    ...<17 lines>...
    \U0001f6d1 Beenden: Ctrl+C
    ^^^^^^^^^^^^^^^^^^
    ''')
    ^^^^
  File "C:\Users\Administrator\AppData\Local\Programs\Python\Python313\Lib\encodings\cp1252.py", line 19, in encode
    return codecs.charmap_encode(input,self.errors,encoding_table)[0]
           ~~~~~~~~~~~~~~~~~~~~~^^^^^^^^^^^^^^^^^^^^^^^^^^^^^^^^^^
UnicodeEncodeError: 'charmap' codec can't encode characters in position 2-65: character maps to <undefined>
[15.04.2026 21:41:52,37] RenLern Service stopped 
[15.04.2026 21:42:52,19] RenLern Service starting 

╔══════════════════════════════════════════════════════════════╗
║           🎓 RenLern Server v2 - Portal Edition              ║
╚══════════════════════════════════════════════════════════════╝

✅ Server startet!

📍 Seiten:
   /          → Portal Login
   /home      → Home Cloud (Persönlicher Dateispeicher)
   /lernapp   → Quiz Lernapp

🌐 URLs:
   Lokal:     http://localhost:5000
   Öffentlich: https://renlern.org

💾 Speicher:   c:\Users\Administrator\Desktop\Repo clone\lernapp-apk\user_storage
📊 Datenbank:  c:\Users\Administrator\Desktop\Repo clone\lernapp-apk\lernapp.db

🛑 Beenden: Ctrl+C

 * Serving Flask app 'server_v2'
 * Debug mode: off
WARNING: This is a development server. Do not use it in a production deployment. Use a production WSGI server instead.
 * Running on all addresses (0.0.0.0)
 * Running on http://127.0.0.1:5000
 * Running on http://192.168.178.51:5000
Press CTRL+C to quit
[15.04.2026 22:15:14,03] RenLern Service starting 

╔══════════════════════════════════════════════════════════════╗
║           🎓 RenLern Server v2 - Portal Edition              ║
╚══════════════════════════════════════════════════════════════╝

✅ Server startet!

📍 Seiten:
   /          → Portal Login
   /home      → Home Cloud (Persönlicher Dateispeicher)
   /lernapp   → Quiz Lernapp

🌐 URLs:
   Lokal:     http://localhost:5000
   Öffentlich: https://renlern.org

💾 Speicher:   c:\Users\Administrator\Desktop\Repo clone\lernapp-apk\user_storage
📊 Datenbank:  c:\Users\Administrator\Desktop\Repo clone\lernapp-apk\lernapp.db

🛑 Beenden: Ctrl+C

 * Serving Flask app 'server_v2'
 * Debug mode: off
WARNING: This is a development server. Do not use it in a production deployment. Use a production WSGI server instead.
 * Running on all addresses (0.0.0.0)
 * Running on http://127.0.0.1:5000
 * Running on http://192.168.178.51:5000
Press CTRL+C to quit
[15.04.2026 22:17:44,13] RenLern Service starting 

╔══════════════════════════════════════════════════════════════╗
║           🎓 RenLern Server v2 - Portal Edition              ║
╚══════════════════════════════════════════════════════════════╝

✅ Server startet!

📍 Seiten:
   /          → Portal Login
   /home      → Home Cloud (Persönlicher Dateispeicher)
   /lernapp   → Quiz Lernapp

🌐 URLs:
   Lokal:     http://localhost:5000
   Öffentlich: https://renlern.org

💾 Speicher:   c:\Users\Administrator\Desktop\Repo clone\lernapp-apk\user_storage
📊 Datenbank:  c:\Users\Administrator\Desktop\Repo clone\lernapp-apk\lernapp.db

🛑 Beenden: Ctrl+C

 * Serving Flask app 'server_v2'
 * Debug mode: off
WARNING: This is a development server. Do not use it in a production deployment. Use a production WSGI server instead.
 * Running on all addresses (0.0.0.0)
 * Running on http://127.0.0.1:5000
 * Running on http://192.168.178.51:5000
Press CTRL+C to quit
[15.04.2026 22:19:37,27] RenLern Service stopped 
[15.04.2026 22:19:42,44] RenLern Service starting 

╔══════════════════════════════════════════════════════════════╗
║           🎓 RenLern Server v2 - Portal Edition              ║
╚══════════════════════════════════════════════════════════════╝

✅ Server startet!

📍 Seiten:
   /          → Portal Login
   /home      → Home Cloud (Persönlicher Dateispeicher)
   /lernapp   → Quiz Lernapp

🌐 URLs:
   Lokal:     http://localhost:5000
   Öffentlich: https://renlern.org

💾 Speicher:   c:\Users\Administrator\Desktop\Repo clone\lernapp-apk\user_storage
📊 Datenbank:  c:\Users\Administrator\Desktop\Repo clone\lernapp-apk\lernapp.db

🛑 Beenden: Ctrl+C

 * Serving Flask app 'server_v2'
 * Debug mode: off
WARNING: This is a development server. Do not use it in a production deployment. Use a production WSGI server instead.
 * Running on all addresses (0.0.0.0)
 * Running on http://127.0.0.1:5000
 * Running on http://192.168.178.51:5000
Press CTRL+C to quit
127.0.0.1 - - [15/Apr/2026 22:19:51] "GET /home HTTP/1.1" 304 -
127.0.0.1 - - [15/Apr/2026 22:19:51] "GET /api/user/check-home-access?user_id=1 HTTP/1.1" 200 -
127.0.0.1 - - [15/Apr/2026 22:19:51] "GET /api/files/list?user_id=1&path= HTTP/1.1" 200 -
127.0.0.1 - - [15/Apr/2026 22:20:14] "POST /api/smarthome/device/add HTTP/1.1" 500 -
127.0.0.1 - - [15/Apr/2026 22:20:19] "POST /api/smarthome/device/add HTTP/1.1" 500 -
127.0.0.1 - - [15/Apr/2026 22:21:21] "GET /wordpress/wp-admin/setup-config.php HTTP/1.1" 500 -
127.0.0.1 - - [15/Apr/2026 22:21:25] "GET /wp-admin/setup-config.php HTTP/1.1" 500 -
127.0.0.1 - - [15/Apr/2026 22:21:30] "GET /wordpress/wp-admin/setup-config.php HTTP/1.1" 500 -
[15.04.2026 22:21:44,11] RenLern Service stopped 
[15.04.2026 22:21:48,93] RenLern Service starting 

╔══════════════════════════════════════════════════════════════╗
║           🎓 RenLern Server v2 - Portal Edition              ║
╚══════════════════════════════════════════════════════════════╝

✅ Server startet!

📍 Seiten:
   /          → Portal Login
   /home      → Home Cloud (Persönlicher Dateispeicher)
   /lernapp   → Quiz Lernapp

🌐 URLs:
   Lokal:     http://localhost:5000
   Öffentlich: https://renlern.org

💾 Speicher:   c:\Users\Administrator\Desktop\Repo clone\lernapp-apk\user_storage
📊 Datenbank:  c:\Users\Administrator\Desktop\Repo clone\lernapp-apk\lernapp.db

🛑 Beenden: Ctrl+C

 * Serving Flask app 'server_v2'
 * Debug mode: off
WARNING: This is a development server. Do not use it in a production deployment. Use a production WSGI server instead.
 * Running on all addresses (0.0.0.0)
 * Running on http://127.0.0.1:5000
 * Running on http://192.168.178.51:5000
Press CTRL+C to quit
127.0.0.1 - - [15/Apr/2026 22:22:11] "GET /home HTTP/1.1" 200 -
127.0.0.1 - - [15/Apr/2026 22:22:11] "GET / HTTP/1.1" 304 -
127.0.0.1 - - [15/Apr/2026 22:22:16] "GET /home HTTP/1.1" 200 -
127.0.0.1 - - [15/Apr/2026 22:22:17] "GET /api/user/check-home-access?user_id=1 HTTP/1.1" 200 -
127.0.0.1 - - [15/Apr/2026 22:22:17] "GET /api/smarthome/devices HTTP/1.1" 401 -
127.0.0.1 - - [15/Apr/2026 22:22:17] "GET /api/files/list?user_id=1&path= HTTP/1.1" 200 -
127.0.0.1 - - [15/Apr/2026 22:22:41] "POST /api/smarthome/device/add HTTP/1.1" 401 -
127.0.0.1 - - [15/Apr/2026 22:23:01] "GET /wp-admin/setup-config.php HTTP/1.1" 500 -
127.0.0.1 - - [15/Apr/2026 22:23:29] "POST /api/smarthome/device/add HTTP/1.1" 401 -
^C[15.04.2026 22:24:06,98] RenLern Service starting 

╔══════════════════════════════════════════════════════════════╗
║           🎓 RenLern Server v2 - Portal Edition              ║
╚══════════════════════════════════════════════════════════════╝

✅ Server startet!

📍 Seiten:
   /          → Portal Login
   /home      → Home Cloud (Persönlicher Dateispeicher)
   /lernapp   → Quiz Lernapp

🌐 URLs:
   Lokal:     http://localhost:5000
   Öffentlich: https://renlern.org

💾 Speicher:   c:\Users\Administrator\Desktop\Repo clone\lernapp-apk\user_storage
📊 Datenbank:  c:\Users\Administrator\Desktop\Repo clone\lernapp-apk\lernapp.db

🛑 Beenden: Ctrl+C

 * Serving Flask app 'server_v2'
 * Debug mode: off
WARNING: This is a development server. Do not use it in a production deployment. Use a production WSGI server instead.
 * Running on all addresses (0.0.0.0)
 * Running on http://127.0.0.1:5000
 * Running on http://192.168.178.51:5000
Press CTRL+C to quit
[15.04.2026 22:24:57,52] RenLern Service starting 

╔══════════════════════════════════════════════════════════════╗
║           🎓 RenLern Server v2 - Portal Edition              ║
╚══════════════════════════════════════════════════════════════╝

✅ Server startet!

📍 Seiten:
   /          → Portal Login
   /home      → Home Cloud (Persönlicher Dateispeicher)
   /lernapp   → Quiz Lernapp

🌐 URLs:
   Lokal:     http://localhost:5000
   Öffentlich: https://renlern.org

💾 Speicher:   c:\Users\Administrator\Desktop\Repo clone\lernapp-apk\user_storage
📊 Datenbank:  c:\Users\Administrator\Desktop\Repo clone\lernapp-apk\lernapp.db

🛑 Beenden: Ctrl+C

 * Serving Flask app 'server_v2'
 * Debug mode: off
WARNING: This is a development server. Do not use it in a production deployment. Use a production WSGI server instead.
 * Running on all addresses (0.0.0.0)
 * Running on http://127.0.0.1:5000
 * Running on http://192.168.178.51:5000
Press CTRL+C to quit
127.0.0.1 - - [15/Apr/2026 22:25:19] "GET /home HTTP/1.1" 200 -
127.0.0.1 - - [15/Apr/2026 22:25:19] "GET /api/user/check-home-access?user_id=1 HTTP/1.1" 200 -
127.0.0.1 - - [15/Apr/2026 22:25:19] "GET /api/files/list?user_id=1&path= HTTP/1.1" 200 -
127.0.0.1 - - [15/Apr/2026 22:25:20] "GET /api/smarthome/devices HTTP/1.1" 401 -
127.0.0.1 - - [15/Apr/2026 22:25:40] "POST /api/smarthome/device/add HTTP/1.1" 401 -
[15.04.2026 22:26:10,00] RenLern Service stopped 
[15.04.2026 22:26:22,31] RenLern Service starting 

╔══════════════════════════════════════════════════════════════╗
║           🎓 RenLern Server v2 - Portal Edition              ║
╚══════════════════════════════════════════════════════════════╝

✅ Server startet!

📍 Seiten:
   /          → Portal Login
   /home      → Home Cloud (Persönlicher Dateispeicher)
   /lernapp   → Quiz Lernapp

🌐 URLs:
   Lokal:     http://localhost:5000
   Öffentlich: https://renlern.org

💾 Speicher:   c:\Users\Administrator\Desktop\Repo clone\lernapp-apk\user_storage
📊 Datenbank:  c:\Users\Administrator\Desktop\Repo clone\lernapp-apk\lernapp.db

🛑 Beenden: Ctrl+C

 * Serving Flask app 'server_v2'
 * Debug mode: off
WARNING: This is a development server. Do not use it in a production deployment. Use a production WSGI server instead.
 * Running on all addresses (0.0.0.0)
 * Running on http://127.0.0.1:5000
 * Running on http://192.168.178.51:5000
Press CTRL+C to quit
127.0.0.1 - - [15/Apr/2026 22:26:35] "GET /home HTTP/1.1" 200 -
[15.04.2026 22:27:15,84] RenLern Service stopped 
[15.04.2026 22:27:18,48] RenLern Service starting 

╔══════════════════════════════════════════════════════════════╗
║           🎓 RenLern Server v2 - Portal Edition              ║
╚══════════════════════════════════════════════════════════════╝

✅ Server startet!

📍 Seiten:
   /          → Portal Login
   /home      → Home Cloud (Persönlicher Dateispeicher)
   /lernapp   → Quiz Lernapp

🌐 URLs:
   Lokal:     http://localhost:5000
   Öffentlich: https://renlern.org

💾 Speicher:   c:\Users\Administrator\Desktop\Repo clone\lernapp-apk\user_storage
📊 Datenbank:  c:\Users\Administrator\Desktop\Repo clone\lernapp-apk\lernapp.db

🛑 Beenden: Ctrl+C

 * Serving Flask app 'server_v2'
 * Debug mode: off
WARNING: This is a development server. Do not use it in a production deployment. Use a production WSGI server instead.
 * Running on all addresses (0.0.0.0)
 * Running on http://127.0.0.1:5000
 * Running on http://192.168.178.51:5000
Press CTRL+C to quit
127.0.0.1 - - [15/Apr/2026 22:27:34] "POST /api/register HTTP/1.1" 200 -
127.0.0.1 - - [15/Apr/2026 22:27:34] "POST /api/login HTTP/1.1" 200 -
127.0.0.1 - - [15/Apr/2026 22:27:35] "GET /api/me HTTP/1.1" 200 -
127.0.0.1 - - [15/Apr/2026 22:27:35] "GET /api/smarthome/devices HTTP/1.1" 200 -
127.0.0.1 - - [15/Apr/2026 22:27:39] "POST /api/register HTTP/1.1" 200 -
127.0.0.1 - - [15/Apr/2026 22:27:48] "POST /api/login HTTP/1.1" 200 -
127.0.0.1 - - [15/Apr/2026 22:27:54] "GET /api/me HTTP/1.1" 200 -
127.0.0.1 - - [15/Apr/2026 22:27:59] "GET /api/smarthome/devices HTTP/1.1" 200 -
127.0.0.1 - - [15/Apr/2026 22:29:40] "GET / HTTP/1.1" 304 -
127.0.0.1 - - [15/Apr/2026 22:29:42] "GET /home HTTP/1.1" 304 -
127.0.0.1 - - [15/Apr/2026 22:29:42] "GET /api/user/check-home-access?user_id=1 HTTP/1.1" 200 -
127.0.0.1 - - [15/Apr/2026 22:29:42] "GET /api/files/list?user_id=1&path= HTTP/1.1" 200 -
127.0.0.1 - - [15/Apr/2026 22:29:49] "GET /api/smarthome/devices HTTP/1.1" 401 -
127.0.0.1 - - [15/Apr/2026 22:30:32] "POST /api/smarthome/device/add HTTP/1.1" 401 -
[15.04.2026 22:30:37,21] RenLern Service stopped 
[15.04.2026 22:30:41,16] RenLern Service starting 

╔══════════════════════════════════════════════════════════════╗
║           🎓 RenLern Server v2 - Portal Edition              ║
╚══════════════════════════════════════════════════════════════╝

✅ Server startet!

📍 Seiten:
   /          → Portal Login
   /home      → Home Cloud (Persönlicher Dateispeicher)
   /lernapp   → Quiz Lernapp

🌐 URLs:
   Lokal:     http://localhost:5000
   Öffentlich: https://renlern.org

💾 Speicher:   c:\Users\Administrator\Desktop\Repo clone\lernapp-apk\user_storage
📊 Datenbank:  c:\Users\Administrator\Desktop\Repo clone\lernapp-apk\lernapp.db

🛑 Beenden: Ctrl+C

 * Serving Flask app 'server_v2'
 * Debug mode: off
WARNING: This is a development server. Do not use it in a production deployment. Use a production WSGI server instead.
 * Running on all addresses (0.0.0.0)
 * Running on http://127.0.0.1:5000
 * Running on http://192.168.178.51:5000
Press CTRL+C to quit
127.0.0.1 - - [15/Apr/2026 22:30:48] "GET /portal.html HTTP/1.1" 200 -
127.0.0.1 - - [15/Apr/2026 22:31:04] "POST /api/register HTTP/1.1" 200 -
127.0.0.1 - - [15/Apr/2026 22:31:40] "GET / HTTP/1.1" 301 -
127.0.0.1 - - [15/Apr/2026 22:31:41] "GET / HTTP/1.1" 200 -
[15.04.2026 22:32:17,27] RenLern Service stopped 
